[22-May-2025 11:26:50 UTC] === New Login Attempt ===
[22-May-2025 11:26:50 UTC] Email input: admin3@lotso.com
[22-May-2025 11:26:50 UTC] Password length: 6
[22-May-2025 11:26:50 UTC] Login attempt - Email: admin3@lotso.com
[22-May-2025 11:26:50 UTC] POST data received: Array
(
    [email] => admin3@lotso.com
    [password] => 123456
)

[22-May-2025 11:26:50 UTC] Attempting login for email: admin3@lotso.com
[22-May-2025 11:26:50 UTC] Found user in database:
[22-May-2025 11:26:50 UTC] Database email: admin3@lotso.com
[22-May-2025 11:26:50 UTC] Database password hash: $2y$10$J00...
[22-May-2025 11:26:50 UTC] User found in database
[22-May-2025 11:26:50 UTC] User details: Array
(
    [id] => 7
    [username] => admin3
    [email] => admin3@lotso.com
    [password] => $2y$10$J00RQLG3ZNlkL9mDqMe8vuoMKeD5U2GfUOB46NVVOdf/hKnrwE1Z6
    [role] => admin
)

[22-May-2025 11:26:50 UTC] User role: admin
[23-May-2025 17:09:45 UTC] === New Login Attempt ===
[23-May-2025 17:09:45 UTC] Email input: admin3@lotso.com
[23-May-2025 17:09:45 UTC] PHP Fatal error:  Uncaught ArgumentCountError: mysqli_stmt::fetch() expects exactly 0 arguments, 1 given in C:\laragon\www\DA1\DuAn1\client\process_login.php:31
Stack trace:
#0 C:\laragon\www\DA1\DuAn1\client\process_login.php(31): mysqli_stmt->fetch(2)
#1 {main}
  thrown in C:\laragon\www\DA1\DuAn1\client\process_login.php on line 31
[23-May-2025 17:11:02 UTC] === New Login Attempt ===
[23-May-2025 17:11:02 UTC] Email input: admin3@lotso.com
[23-May-2025 17:11:02 UTC] PHP Fatal error:  Uncaught ArgumentCountError: mysqli_stmt::fetch() expects exactly 0 arguments, 1 given in C:\laragon\www\DA1\DuAn1\client\process_login.php:31
Stack trace:
#0 C:\laragon\www\DA1\DuAn1\client\process_login.php(31): mysqli_stmt->fetch(2)
#1 {main}
  thrown in C:\laragon\www\DA1\DuAn1\client\process_login.php on line 31
[23-May-2025 17:11:08 UTC] === New Login Attempt ===
[23-May-2025 17:11:08 UTC] Email input: admin3@lotso.com
[23-May-2025 17:11:08 UTC] PHP Fatal error:  Uncaught ArgumentCountError: mysqli_stmt::fetch() expects exactly 0 arguments, 1 given in C:\laragon\www\DA1\DuAn1\client\process_login.php:31
Stack trace:
#0 C:\laragon\www\DA1\DuAn1\client\process_login.php(31): mysqli_stmt->fetch(2)
#1 {main}
  thrown in C:\laragon\www\DA1\DuAn1\client\process_login.php on line 31
[23-May-2025 17:13:21 UTC] === New Login Attempt ===
[23-May-2025 17:13:21 UTC] Email input: admin3@lotso.com
[23-May-2025 17:13:21 UTC] User found: Yes
[23-May-2025 17:13:21 UTC] Password verification: Success
[23-May-2025 17:33:16 UTC] === New Login Attempt ===
[23-May-2025 17:33:16 UTC] Email input: nesta04@gmail.com
[23-May-2025 17:33:16 UTC] User found: Yes
[23-May-2025 17:33:16 UTC] Password verification: Success
